#
# There is insufficient memory for the Java Runtime Environment to continue.
# Native memory allocation (mmap) failed to map 65536 bytes for Failed to commit metaspace.
# Possible reasons:
#   The system is out of physical RAM or swap space
#   The process is running with CompressedOops enabled, and the Java Heap may be blocking the growth of the native heap
# Possible solutions:
#   Reduce memory load on the system
#   Increase physical memory or swap space
#   Check if swap backing store is full
#   Decrease Java heap size (-Xmx/-Xms)
#   Decrease number of Java threads
#   Decrease Java thread stack sizes (-Xss)
#   Set larger code cache with -XX:ReservedCodeCacheSize=
#   JVM is running with Zero Based Compressed Oops mode in which the Java heap is
#     placed in the first 32GB address space. The Java Heap base address is the
#     maximum limit for the native heap growth. Please use -XX:HeapBaseMinAddress
#     to set the Java Heap base and to place the Java Heap above 32GB virtual address.
# This output file may be truncated or incomplete.
#
#  Out of Memory Error (virtualSpaceNode.cpp:110), pid=7140, tid=4168
#
# JRE version: OpenJDK Runtime Environment JBR-17.0.9+7-1087.11-jcef (17.0.9+7) (build 17.0.9+7-b1087.11)
# Java VM: OpenJDK 64-Bit Server VM JBR-17.0.9+7-1087.11-jcef (17.0.9+7-b1087.11, mixed mode, tiered, compressed oops, compressed class ptrs, g1 gc, windows-amd64)
# No core dump will be written. Minidumps are not enabled by default on client versions of Windows
#

---------------  S U M M A R Y ------------

Command Line: -javaagent:C:\Program Files\JetBrains\IntelliJ IDEA Community Edition 2023.3.3\lib\idea_rt.jar=63294:C:\Program Files\JetBrains\IntelliJ IDEA Community Edition 2023.3.3\bin -Dfile.encoding=UTF-8 Main

Host: Intel(R) Core(TM) i7-6700HQ CPU @ 2.60GHz, 8 cores, 11G,  Windows 10 , 64 bit Build 19041 (10.0.19041.3636)
Time: Sun Jun 23 22:14:37 2024 Mitteleuropäische Sommerzeit elapsed time: 0.369437 seconds (0d 0h 0m 0s)

---------------  T H R E A D  ---------------

Current thread (0x0000021bfa4ae120):  JavaThread "main" [_thread_in_vm, id=4168, stack(0x0000001c71600000,0x0000001c71700000)]

Stack: [0x0000001c71600000,0x0000001c71700000]
Native frames: (J=compiled Java code, j=interpreted, Vv=VM code, C=native code)
V  [jvm.dll+0x688349]
V  [jvm.dll+0x841bfa]
V  [jvm.dll+0x84383e]
V  [jvm.dll+0x843ea3]
V  [jvm.dll+0x24bdef]
V  [jvm.dll+0x83cbdb]
V  [jvm.dll+0x62c746]
V  [jvm.dll+0x62c7aa]
V  [jvm.dll+0x62efda]
V  [jvm.dll+0x62d0e6]
V  [jvm.dll+0x23faaf]
V  [jvm.dll+0x636f95]
V  [jvm.dll+0x1ef0cb]
V  [jvm.dll+0x1ef605]
V  [jvm.dll+0x1effa5]
V  [jvm.dll+0x1e543c]
V  [jvm.dll+0x54de4c]
V  [jvm.dll+0x1f5feb]
V  [jvm.dll+0x7ba30b]
V  [jvm.dll+0x7bb77c]
V  [jvm.dll+0x7bbac8]
V  [jvm.dll+0x24384e]
V  [jvm.dll+0x243a9f]
V  [jvm.dll+0x56c128]
V  [jvm.dll+0x56f0a7]
V  [jvm.dll+0x38bfb2]
V  [jvm.dll+0x38b61f]
C  0x0000021b8754a519

The last pc belongs to invokestatic (printed below).
Java frames: (J=compiled Java code, j=interpreted, Vv=VM code)
j  jdk.internal.logger.BootstrapLogger$RedirectedLoggers.apply(Ljdk/internal/logger/LazyLoggers$LazyLoggerAccessor;)Ljdk/internal/logger/SurrogateLogger;+21 java.base@17.0.9
j  jdk.internal.logger.BootstrapLogger$RedirectedLoggers.apply(Ljava/lang/Object;)Ljava/lang/Object;+5 java.base@17.0.9
j  java.util.HashMap.computeIfAbsent(Ljava/lang/Object;Ljava/util/function/Function;)Ljava/lang/Object;+202 java.base@17.0.9
j  jdk.internal.logger.BootstrapLogger$RedirectedLoggers.get(Ljdk/internal/logger/LazyLoggers$LazyLoggerAccessor;)Ljdk/internal/logger/SurrogateLogger;+23 java.base@17.0.9
j  jdk.internal.logger.BootstrapLogger.createSurrogateLogger(Ljdk/internal/logger/LazyLoggers$LazyLoggerAccessor;)Ljava/lang/System$Logger;+4 java.base@17.0.9
j  jdk.internal.logger.BootstrapLogger.getLogger(Ljdk/internal/logger/LazyLoggers$LazyLoggerAccessor;)Ljava/lang/System$Logger;+33 java.base@17.0.9
j  jdk.internal.logger.LazyLoggers$LazyLoggerAccessor.platform()Lsun/util/logging/PlatformLogger$Bridge;+58 java.base@17.0.9
j  jdk.internal.logger.LazyLoggers$LazyLoggerWrapper.platformProxy()Lsun/util/logging/PlatformLogger$Bridge;+4 java.base@17.0.9
j  jdk.internal.logger.AbstractLoggerWrapper.isLoggable(Lsun/util/logging/PlatformLogger$Level;)Z+1 java.base@17.0.9
j  sun.util.logging.PlatformLogger.isLoggable(Lsun/util/logging/PlatformLogger$Level;)Z+17 java.base@17.0.9
j  sun.awt.windows.WToolkit.<clinit>()V+29 java.desktop
v  ~StubRoutines::call_stub
j  sun.awt.PlatformGraphicsInfo.createToolkit()Ljava/awt/Toolkit;+0 java.desktop
j  java.awt.Toolkit.getDefaultToolkit()Ljava/awt/Toolkit;+6 java.desktop
j  java.awt.EventQueue.<init>()V+128 java.desktop
j  sun.awt.SunToolkit.initEQ(Lsun/awt/AppContext;)V+4 java.desktop
j  sun.awt.SunToolkit.createNewAppContext(Ljava/lang/ThreadGroup;)Lsun/awt/AppContext;+10 java.desktop
j  sun.awt.AppContext$2.run()Ljava/lang/Void;+27 java.desktop
j  sun.awt.AppContext$2.run()Ljava/lang/Object;+1 java.desktop
j  java.security.AccessController.executePrivileged(Ljava/security/PrivilegedAction;Ljava/security/AccessControlContext;Ljava/lang/Class;)Ljava/lang/Object;+29 java.base@17.0.9
j  java.security.AccessController.doPrivileged(Ljava/security/PrivilegedAction;)Ljava/lang/Object;+5 java.base@17.0.9
j  sun.awt.AppContext.initMainAppContext()V+7 java.desktop
j  sun.awt.AppContext$3.run()Lsun/awt/AppContext;+40 java.desktop
j  sun.awt.AppContext$3.run()Ljava/lang/Object;+1 java.desktop
j  java.security.AccessController.executePrivileged(Ljava/security/PrivilegedAction;Ljava/security/AccessControlContext;Ljava/lang/Class;)Ljava/lang/Object;+29 java.base@17.0.9
j  java.security.AccessController.doPrivileged(Ljava/security/PrivilegedAction;)Ljava/lang/Object;+5 java.base@17.0.9
j  sun.awt.AppContext.getAppContext()Lsun/awt/AppContext;+42 java.desktop
j  java.awt.Component.<init>()V+135 java.desktop
j  java.awt.Container.<init>()V+1 java.desktop
j  java.awt.Window.<init>()V+1 java.desktop
j  java.awt.Frame.<init>(Ljava/lang/String;)V+1 java.desktop
j  javax.swing.JFrame.<init>(Ljava/lang/String;)V+2 java.desktop
j  Main.<init>()V+11
j  Main.main([Ljava/lang/String;)V+4
v  ~StubRoutines::call_stub
invokestatic  184 invokestatic  [0x0000021b8754a460, 0x0000021b8754a720]  704 bytes
[MachCode]
  0x0000021b8754a460: 4883 ec08 | c5fa 1104 | 24eb 1f48 | 83ec 10c5 | fb11 0424 | eb14 4883 | ec10 4889 | 0424 48c7 
  0x0000021b8754a480: 4424 0800 | 0000 00eb | 0150 4c89 | 6dc0 410f | b755 0148 | 8b4d d0c1 | e202 8b5c | d120 c1eb 
  0x0000021b8754a4a0: 1081 e3ff | 0000 0081 | fbb8 0000 | 000f 84b6 | 0000 00bb | b800 0000 | e805 0000 | 00e9 9b00 
  0x0000021b8754a4c0: 0000 488b | d348 8d44 | 2408 4c89 | 6dc0 498b | cfc5 f877 | 4989 afa8 | 0200 0049 | 8987 9802 
  0x0000021b8754a4e0: 0000 4883 | ec20 f7c4 | 0f00 0000 | 0f84 1a00 | 0000 4883 | ec08 49ba | b0b5 cb62 | fc7f 0000 
  0x0000021b8754a500: 41ff d248 | 83c4 08e9 | 0d00 0000 | 49ba b0b5 | cb62 fc7f | 0000 41ff | d248 83c4 | 2049 c787 
  0x0000021b8754a520: 9802 0000 | 0000 0000 | 49c7 87a8 | 0200 0000 | 0000 0049 | c787 a002 | 0000 0000 | 0000 c5f8 
  0x0000021b8754a540: 7749 817f | 0800 0000 | 000f 8405 | 0000 00e9 | ac69 feff | 4c8b 6dc0 | 4c8b 75c8 | c341 0fb7 
  0x0000021b8754a560: 5501 488b | 4dd0 c1e2 | 0248 8b5c | d128 488b | 5b08 488b | 5b08 488b | 5b18 80bb | 5b01 0000 
  0x0000021b8754a580: 040f 840d | 0000 004c | 3bbb 6001 | 0000 0f85 | 1fff ffff | 488b 5cd1 | 288b 54d1 | 38c1 ea1c 
  0x0000021b8754a5a0: 49ba 504e | 4e63 fc7f | 0000 498b | 14d2 5248 | 8b45 d848 | 85c0 0f84 | 1200 0000 | 4883 4008 
  0x0000021b8754a5c0: 0148 8358 | 0800 4883 | c010 4889 | 45d8 488b | 45d8 4885 | c00f 8435 | 0100 0080 | 78f0 0a0f 
  0x0000021b8754a5e0: 852b 0100 | 0048 83c0 | 084c 8b68 | f841 83ed | 0041 83fd | 020f 8c0a | 0100 004c | 8b6b 0845 
  0x0000021b8754a600: 0fb7 6d2c | 4c2b 2841 | 83ed 014e | 8b6c ec08 | 4d85 ed75 | 0748 8348 | 0801 eb53 | 458b 6d08 
  0x0000021b8754a620: 49ba 0000 | 0000 0800 | 0000 4d03 | ea4c 3368 | 0849 f7c5 | fcff ffff | 7435 49f7 | c502 0000 
  0x0000021b8754a640: 0075 2c48 | 8178 0800 | 0000 0074 | 1e48 8178 | 0801 0000 | 0074 144c | 3368 0849 | f7c5 fcff 
  0x0000021b8754a660: ffff 740b | 4883 4808 | 02eb 044c | 8968 0848 | 83c0 104c | 8b68 e841 | 83ed 0241 | 83fd 020f 
  0x0000021b8754a680: 8c80 0000 | 004c 8b6b | 0845 0fb7 | 6d2c 4c2b | 2841 83ed | 014e 8b6c | ec08 4d85 | ed75 0748 
  0x0000021b8754a6a0: 8348 0801 | eb53 458b | 6d08 49ba | 0000 0000 | 0800 0000 | 4d03 ea4c | 3368 0849 | f7c5 fcff 
  0x0000021b8754a6c0: ffff 7435 | 49f7 c502 | 0000 0075 | 2c48 8178 | 0800 0000 | 0074 1e48 | 8178 0801 | 0000 0074 
  0x0000021b8754a6e0: 144c 3368 | 0849 f7c5 | fcff ffff | 740b 4883 | 4808 02eb | 044c 8968 | 0848 83c0 | 104c 8b68 
  0x0000021b8754a700: d841 83ed | 0441 c1e5 | 0349 03c5 | 4889 45d8 | 4c8d 6c24 | 084c 896d | f0ff 6360 | 0f1f 4000 
[/MachCode]

---------------  P R O C E S S  ---------------

Threads class SMR info:
_java_thread_list=0x0000021b9b2f4590, length=13, elements={
0x0000021bfa4ae120, 0x0000021bffbed470, 0x0000021bffbf94e0, 0x0000021b9b06de60,
0x0000021b9b06ea20, 0x0000021b9b06f4e0, 0x0000021b9b06fea0, 0x0000021bffbfeaa0,
0x0000021b9b0b1020, 0x0000021b9b0b3a30, 0x0000021b9b15d660, 0x0000021b9b30f8d0,
0x0000021b9b312260
}

Java Threads: ( => current thread )
=>0x0000021bfa4ae120 JavaThread "main" [_thread_in_vm, id=4168, stack(0x0000001c71600000,0x0000001c71700000)]
  0x0000021bffbed470 JavaThread "Reference Handler" daemon [_thread_blocked, id=7284, stack(0x0000001c71d00000,0x0000001c71e00000)]
  0x0000021bffbf94e0 JavaThread "Finalizer" daemon [_thread_blocked, id=15076, stack(0x0000001c71e00000,0x0000001c71f00000)]
  0x0000021b9b06de60 JavaThread "Signal Dispatcher" daemon [_thread_blocked, id=4264, stack(0x0000001c71f00000,0x0000001c72000000)]
  0x0000021b9b06ea20 JavaThread "Attach Listener" daemon [_thread_blocked, id=4408, stack(0x0000001c72000000,0x0000001c72100000)]
  0x0000021b9b06f4e0 JavaThread "Service Thread" daemon [_thread_blocked, id=3000, stack(0x0000001c72100000,0x0000001c72200000)]
  0x0000021b9b06fea0 JavaThread "Monitor Deflation Thread" daemon [_thread_blocked, id=15264, stack(0x0000001c72200000,0x0000001c72300000)]
  0x0000021bffbfeaa0 JavaThread "C2 CompilerThread0" daemon [_thread_blocked, id=2540, stack(0x0000001c72300000,0x0000001c72400000)]
  0x0000021b9b0b1020 JavaThread "C1 CompilerThread0" daemon [_thread_blocked, id=13316, stack(0x0000001c72400000,0x0000001c72500000)]
  0x0000021b9b0b3a30 JavaThread "Sweeper thread" daemon [_thread_blocked, id=6740, stack(0x0000001c72500000,0x0000001c72600000)]
  0x0000021b9b15d660 JavaThread "Common-Cleaner" daemon [_thread_blocked, id=10052, stack(0x0000001c72600000,0x0000001c72700000)]
  0x0000021b9b30f8d0 JavaThread "Monitor Ctrl-Break" daemon [_thread_in_native, id=13908, stack(0x0000001c72700000,0x0000001c72800000)]
  0x0000021b9b312260 JavaThread "Notification Thread" daemon [_thread_blocked, id=7700, stack(0x0000001c72800000,0x0000001c72900000)]

Other Threads:
  0x0000021bffbe9940 VMThread "VM Thread" [stack: 0x0000001c71c00000,0x0000001c71d00000] [id=8220]
  0x0000021b9b307130 WatcherThread [stack: 0x0000001c72900000,0x0000001c72a00000] [id=1796]
  0x0000021bfa505480 GCTaskThread "GC Thread#0" [stack: 0x0000001c71700000,0x0000001c71800000] [id=14908]
  0x0000021bfa512210 ConcurrentGCThread "G1 Main Marker" [stack: 0x0000001c71800000,0x0000001c71900000] [id=4492]
  0x0000021bfa5133d0 ConcurrentGCThread "G1 Conc#0" [stack: 0x0000001c71900000,0x0000001c71a00000] [id=7232]
  0x0000021bffa841a0 ConcurrentGCThread "G1 Refine#0" [stack: 0x0000001c71a00000,0x0000001c71b00000] [id=13132]
  0x0000021bffa849e0 ConcurrentGCThread "G1 Service" [stack: 0x0000001c71b00000,0x0000001c71c00000] [id=11600]

Threads with active compile tasks:

VM state: not at safepoint (normal execution)

VM Mutex/Monitor currently owned by a thread:  ([mutex/lock_event])
[0x0000021bfa4a9370] Metaspace_lock - owner thread: 0x0000021bfa4ae120

Heap address: 0x0000000741c00000, size: 3044 MB, Compressed Oops mode: Zero based, Oop shift amount: 3

CDS archive(s) not mapped
Compressed class space mapped at: 0x0000000800000000-0x0000000840000000, reserved size: 1073741824
Narrow klass base: 0x0000000800000000, Narrow klass shift: 0, Narrow klass range: 0x40000000

GC Precious Log:
 CPUs: 8 total, 8 available
 Memory: 12169M
 Large Page Support: Disabled
 NUMA Support: Disabled
 Compressed Oops: Enabled (Zero based)
 Heap Region Size: 2M
 Heap Min Capacity: 8M
 Heap Initial Capacity: 192M
 Heap Max Capacity: 3044M
 Pre-touch: Disabled
 Parallel Workers: 8
 Concurrent Workers: 2
 Concurrent Refinement Workers: 8
 Periodic GC: Disabled

Heap:
 garbage-first heap   total 196608K, used 2048K [0x0000000741c00000, 0x0000000800000000)
  region size 2048K, 2 young (4096K), 0 survivors (0K)
 Metaspace       used 9783K, committed 9920K, reserved 1114112K
  class space    used 892K, committed 960K, reserved 1048576K

Heap Regions: E=young(eden), S=young(survivor), O=old, HS=humongous(starts), HC=humongous(continues), CS=collection set, F=free, OA=open archive, CA=closed archive, TAMS=top-at-mark-start (previous, next)
|   0|0x0000000741c00000, 0x0000000741c00000, 0x0000000741e00000|  0%| F|  |TAMS 0x0000000741c00000, 0x0000000741c00000| Untracked 
|   1|0x0000000741e00000, 0x0000000741e00000, 0x0000000742000000|  0%| F|  |TAMS 0x0000000741e00000, 0x0000000741e00000| Untracked 
|   2|0x0000000742000000, 0x0000000742000000, 0x0000000742200000|  0%| F|  |TAMS 0x0000000742000000, 0x0000000742000000| Untracked 
|   3|0x0000000742200000, 0x0000000742200000, 0x0000000742400000|  0%| F|  |TAMS 0x0000000742200000, 0x0000000742200000| Untracked 
|   4|0x0000000742400000, 0x0000000742400000, 0x0000000742600000|  0%| F|  |TAMS 0x0000000742400000, 0x0000000742400000| Untracked 
|   5|0x0000000742600000, 0x0000000742600000, 0x0000000742800000|  0%| F|  |TAMS 0x0000000742600000, 0x0000000742600000| Untracked 
|   6|0x0000000742800000, 0x0000000742800000, 0x0000000742a00000|  0%| F|  |TAMS 0x0000000742800000, 0x0000000742800000| Untracked 
|   7|0x0000000742a00000, 0x0000000742a00000, 0x0000000742c00000|  0%| F|  |TAMS 0x0000000742a00000, 0x0000000742a00000| Untracked 
|   8|0x0000000742c00000, 0x0000000742c00000, 0x0000000742e00000|  0%| F|  |TAMS 0x0000000742c00000, 0x0000000742c00000| Untracked 
|   9|0x0000000742e00000, 0x0000000742e00000, 0x0000000743000000|  0%| F|  |TAMS 0x0000000742e00000, 0x0000000742e00000| Untracked 
|  10|0x0000000743000000, 0x0000000743000000, 0x0000000743200000|  0%| F|  |TAMS 0x0000000743000000, 0x0000000743000000| Untracked 
|  11|0x0000000743200000, 0x0000000743200000, 0x0000000743400000|  0%| F|  |TAMS 0x0000000743200000, 0x0000000743200000| Untracked 
|  12|0x0000000743400000, 0x0000000743400000, 0x0000000743600000|  0%| F|  |TAMS 0x0000000743400000, 0x0000000743400000| Untracked 
|  13|0x0000000743600000, 0x0000000743600000, 0x0000000743800000|  0%| F|  |TAMS 0x0000000743600000, 0x0000000743600000| Untracked 
|  14|0x0000000743800000, 0x0000000743800000, 0x0000000743a00000|  0%| F|  |TAMS 0x0000000743800000, 0x0000000743800000| Untracked 
|  15|0x0000000743a00000, 0x0000000743a00000, 0x0000000743c00000|  0%| F|  |TAMS 0x0000000743a00000, 0x0000000743a00000| Untracked 
|  16|0x0000000743c00000, 0x0000000743c00000, 0x0000000743e00000|  0%| F|  |TAMS 0x0000000743c00000, 0x0000000743c00000| Untracked 
|  17|0x0000000743e00000, 0x0000000743e00000, 0x0000000744000000|  0%| F|  |TAMS 0x0000000743e00000, 0x0000000743e00000| Untracked 
|  18|0x0000000744000000, 0x0000000744000000, 0x0000000744200000|  0%| F|  |TAMS 0x0000000744000000, 0x0000000744000000| Untracked 
|  19|0x0000000744200000, 0x0000000744200000, 0x0000000744400000|  0%| F|  |TAMS 0x0000000744200000, 0x0000000744200000| Untracked 
|  20|0x0000000744400000, 0x0000000744400000, 0x0000000744600000|  0%| F|  |TAMS 0x0000000744400000, 0x0000000744400000| Untracked 
|  21|0x0000000744600000, 0x0000000744600000, 0x0000000744800000|  0%| F|  |TAMS 0x0000000744600000, 0x0000000744600000| Untracked 
|  22|0x0000000744800000, 0x0000000744800000, 0x0000000744a00000|  0%| F|  |TAMS 0x0000000744800000, 0x0000000744800000| Untracked 
|  23|0x0000000744a00000, 0x0000000744a00000, 0x0000000744c00000|  0%| F|  |TAMS 0x0000000744a00000, 0x0000000744a00000| Untracked 
|  24|0x0000000744c00000, 0x0000000744c00000, 0x0000000744e00000|  0%| F|  |TAMS 0x0000000744c00000, 0x0000000744c00000| Untracked 
|  25|0x0000000744e00000, 0x0000000744e00000, 0x0000000745000000|  0%| F|  |TAMS 0x0000000744e00000, 0x0000000744e00000| Untracked 
|  26|0x0000000745000000, 0x0000000745000000, 0x0000000745200000|  0%| F|  |TAMS 0x0000000745000000, 0x0000000745000000| Untracked 
|  27|0x0000000745200000, 0x0000000745200000, 0x0000000745400000|  0%| F|  |TAMS 0x0000000745200000, 0x0000000745200000| Untracked 
|  28|0x0000000745400000, 0x0000000745400000, 0x0000000745600000|  0%| F|  |TAMS 0x0000000745400000, 0x0000000745400000| Untracked 
|  29|0x0000000745600000, 0x0000000745600000, 0x0000000745800000|  0%| F|  |TAMS 0x0000000745600000, 0x0000000745600000| Untracked 
|  30|0x0000000745800000, 0x0000000745800000, 0x0000000745a00000|  0%| F|  |TAMS 0x0000000745800000, 0x0000000745800000| Untracked 
|  31|0x0000000745a00000, 0x0000000745a00000, 0x0000000745c00000|  0%| F|  |TAMS 0x0000000745a00000, 0x0000000745a00000| Untracked 
|  32|0x0000000745c00000, 0x0000000745c00000, 0x0000000745e00000|  0%| F|  |TAMS 0x0000000745c00000, 0x0000000745c00000| Untracked 
|  33|0x0000000745e00000, 0x0000000745e00000, 0x0000000746000000|  0%| F|  |TAMS 0x0000000745e00000, 0x0000000745e00000| Untracked 
|  34|0x0000000746000000, 0x0000000746000000, 0x0000000746200000|  0%| F|  |TAMS 0x0000000746000000, 0x0000000746000000| Untracked 
|  35|0x0000000746200000, 0x0000000746200000, 0x0000000746400000|  0%| F|  |TAMS 0x0000000746200000, 0x0000000746200000| Untracked 
|  36|0x0000000746400000, 0x0000000746400000, 0x0000000746600000|  0%| F|  |TAMS 0x0000000746400000, 0x0000000746400000| Untracked 
|  37|0x0000000746600000, 0x0000000746600000, 0x0000000746800000|  0%| F|  |TAMS 0x0000000746600000, 0x0000000746600000| Untracked 
|  38|0x0000000746800000, 0x0000000746800000, 0x0000000746a00000|  0%| F|  |TAMS 0x0000000746800000, 0x0000000746800000| Untracked 
|  39|0x0000000746a00000, 0x0000000746a00000, 0x0000000746c00000|  0%| F|  |TAMS 0x0000000746a00000, 0x0000000746a00000| Untracked 
|  40|0x0000000746c00000, 0x0000000746c00000, 0x0000000746e00000|  0%| F|  |TAMS 0x0000000746c00000, 0x0000000746c00000| Untracked 
|  41|0x0000000746e00000, 0x0000000746e00000, 0x0000000747000000|  0%| F|  |TAMS 0x0000000746e00000, 0x0000000746e00000| Untracked 
|  42|0x0000000747000000, 0x0000000747000000, 0x0000000747200000|  0%| F|  |TAMS 0x0000000747000000, 0x0000000747000000| Untracked 
|  43|0x0000000747200000, 0x0000000747200000, 0x0000000747400000|  0%| F|  |TAMS 0x0000000747200000, 0x0000000747200000| Untracked 
|  44|0x0000000747400000, 0x0000000747400000, 0x0000000747600000|  0%| F|  |TAMS 0x0000000747400000, 0x0000000747400000| Untracked 
|  45|0x0000000747600000, 0x0000000747600000, 0x0000000747800000|  0%| F|  |TAMS 0x0000000747600000, 0x0000000747600000| Untracked 
|  46|0x0000000747800000, 0x0000000747800000, 0x0000000747a00000|  0%| F|  |TAMS 0x0000000747800000, 0x0000000747800000| Untracked 
|  47|0x0000000747a00000, 0x0000000747a00000, 0x0000000747c00000|  0%| F|  |TAMS 0x0000000747a00000, 0x0000000747a00000| Untracked 
|  48|0x0000000747c00000, 0x0000000747c00000, 0x0000000747e00000|  0%| F|  |TAMS 0x0000000747c00000, 0x0000000747c00000| Untracked 
|  49|0x0000000747e00000, 0x0000000747e00000, 0x0000000748000000|  0%| F|  |TAMS 0x0000000747e00000, 0x0000000747e00000| Untracked 
|  50|0x0000000748000000, 0x0000000748000000, 0x0000000748200000|  0%| F|  |TAMS 0x0000000748000000, 0x0000000748000000| Untracked 
|  51|0x0000000748200000, 0x0000000748200000, 0x0000000748400000|  0%| F|  |TAMS 0x0000000748200000, 0x0000000748200000| Untracked 
|  52|0x0000000748400000, 0x0000000748400000, 0x0000000748600000|  0%| F|  |TAMS 0x0000000748400000, 0x0000000748400000| Untracked 
|  53|0x0000000748600000, 0x0000000748600000, 0x0000000748800000|  0%| F|  |TAMS 0x0000000748600000, 0x0000000748600000| Untracked 
|  54|0x0000000748800000, 0x0000000748800000, 0x0000000748a00000|  0%| F|  |TAMS 0x0000000748800000, 0x0000000748800000| Untracked 
|  55|0x0000000748a00000, 0x0000000748a00000, 0x0000000748c00000|  0%| F|  |TAMS 0x0000000748a00000, 0x0000000748a00000| Untracked 
|  56|0x0000000748c00000, 0x0000000748c00000, 0x0000000748e00000|  0%| F|  |TAMS 0x0000000748c00000, 0x0000000748c00000| Untracked 
|  57|0x0000000748e00000, 0x0000000748e00000, 0x0000000749000000|  0%| F|  |TAMS 0x0000000748e00000, 0x0000000748e00000| Untracked 
|  58|0x0000000749000000, 0x0000000749000000, 0x0000000749200000|  0%| F|  |TAMS 0x0000000749000000, 0x0000000749000000| Untracked 
|  59|0x0000000749200000, 0x0000000749200000, 0x0000000749400000|  0%| F|  |TAMS 0x0000000749200000, 0x0000000749200000| Untracked 
|  60|0x0000000749400000, 0x0000000749400000, 0x0000000749600000|  0%| F|  |TAMS 0x0000000749400000, 0x0000000749400000| Untracked 
|  61|0x0000000749600000, 0x0000000749600000, 0x0000000749800000|  0%| F|  |TAMS 0x0000000749600000, 0x0000000749600000| Untracked 
|  62|0x0000000749800000, 0x0000000749800000, 0x0000000749a00000|  0%| F|  |TAMS 0x0000000749800000, 0x0000000749800000| Untracked 
|  63|0x0000000749a00000, 0x0000000749a00000, 0x0000000749c00000|  0%| F|  |TAMS 0x0000000749a00000, 0x0000000749a00000| Untracked 
|  64|0x0000000749c00000, 0x0000000749c00000, 0x0000000749e00000|  0%| F|  |TAMS 0x0000000749c00000, 0x0000000749c00000| Untracked 
|  65|0x0000000749e00000, 0x0000000749e00000, 0x000000074a000000|  0%| F|  |TAMS 0x0000000749e00000, 0x0000000749e00000| Untracked 
|  66|0x000000074a000000, 0x000000074a000000, 0x000000074a200000|  0%| F|  |TAMS 0x000000074a000000, 0x000000074a000000| Untracked 
|  67|0x000000074a200000, 0x000000074a200000, 0x000000074a400000|  0%| F|  |TAMS 0x000000074a200000, 0x000000074a200000| Untracked 
|  68|0x000000074a400000, 0x000000074a400000, 0x000000074a600000|  0%| F|  |TAMS 0x000000074a400000, 0x000000074a400000| Untracked 
|  69|0x000000074a600000, 0x000000074a600000, 0x000000074a800000|  0%| F|  |TAMS 0x000000074a600000, 0x000000074a600000| Untracked 
|  70|0x000000074a800000, 0x000000074a800000, 0x000000074aa00000|  0%| F|  |TAMS 0x000000074a800000, 0x000000074a800000| Untracked 
|  71|0x000000074aa00000, 0x000000074aa00000, 0x000000074ac00000|  0%| F|  |TAMS 0x000000074aa00000, 0x000000074aa00000| Untracked 
|  72|0x000000074ac00000, 0x000000074ac00000, 0x000000074ae00000|  0%| F|  |TAMS 0x000000074ac00000, 0x000000074ac00000| Untracked 
|  73|0x000000074ae00000, 0x000000074ae00000, 0x000000074b000000|  0%| F|  |TAMS 0x000000074ae00000, 0x000000074ae00000| Untracked 
|  74|0x000000074b000000, 0x000000074b000000, 0x000000074b200000|  0%| F|  |TAMS 0x000000074b000000, 0x000000074b000000| Untracked 
|  75|0x000000074b200000, 0x000000074b200000, 0x000000074b400000|  0%| F|  |TAMS 0x000000074b200000, 0x000000074b200000| Untracked 
|  76|0x000000074b400000, 0x000000074b400000, 0x000000074b600000|  0%| F|  |TAMS 0x000000074b400000, 0x000000074b400000| Untracked 
|  77|0x000000074b600000, 0x000000074b600000, 0x000000074b800000|  0%| F|  |TAMS 0x000000074b600000, 0x000000074b600000| Untracked 
|  78|0x000000074b800000, 0x000000074b800000, 0x000000074ba00000|  0%| F|  |TAMS 0x000000074b800000, 0x000000074b800000| Untracked 
|  79|0x000000074ba00000, 0x000000074ba00000, 0x000000074bc00000|  0%| F|  |TAMS 0x000000074ba00000, 0x000000074ba00000| Untracked 
|  80|0x000000074bc00000, 0x000000074bc00000, 0x000000074be00000|  0%| F|  |TAMS 0x000000074bc00000, 0x000000074bc00000| Untracked 
|  81|0x000000074be00000, 0x000000074be00000, 0x000000074c000000|  0%| F|  |TAMS 0x000000074be00000, 0x000000074be00000| Untracked 
|  82|0x000000074c000000, 0x000000074c000000, 0x000000074c200000|  0%| F|  |TAMS 0x000000074c000000, 0x000000074c000000| Untracked 
|  83|0x000000074c200000, 0x000000074c200000, 0x000000074c400000|  0%| F|  |TAMS 0x000000074c200000, 0x000000074c200000| Untracked 
|  84|0x000000074c400000, 0x000000074c400000, 0x000000074c600000|  0%| F|  |TAMS 0x000000074c400000, 0x000000074c400000| Untracked 
|  85|0x000000074c600000, 0x000000074c600000, 0x000000074c800000|  0%| F|  |TAMS 0x000000074c600000, 0x000000074c600000| Untracked 
|  86|0x000000074c800000, 0x000000074c800000, 0x000000074ca00000|  0%| F|  |TAMS 0x000000074c800000, 0x000000074c800000| Untracked 
|  87|0x000000074ca00000, 0x000000074ca00000, 0x000000074cc00000|  0%| F|  |TAMS 0x000000074ca00000, 0x000000074ca00000| Untracked 
|  88|0x000000074cc00000, 0x000000074cc00000, 0x000000074ce00000|  0%| F|  |TAMS 0x000000074cc00000, 0x000000074cc00000| Untracked 
|  89|0x000000074ce00000, 0x000000074ce00000, 0x000000074d000000|  0%| F|  |TAMS 0x000000074ce00000, 0x000000074ce00000| Untracked 
|  90|0x000000074d000000, 0x000000074d000000, 0x000000074d200000|  0%| F|  |TAMS 0x000000074d000000, 0x000000074d000000| Untracked 
|  91|0x000000074d200000, 0x000000074d200000, 0x000000074d400000|  0%| F|  |TAMS 0x000000074d200000, 0x000000074d200000| Untracked 
|  92|0x000000074d400000, 0x000000074d400000, 0x000000074d600000|  0%| F|  |TAMS 0x000000074d400000, 0x000000074d400000| Untracked 
|  93|0x000000074d600000, 0x000000074d600000, 0x000000074d800000|  0%| F|  |TAMS 0x000000074d600000, 0x000000074d600000| Untracked 
|  94|0x000000074d800000, 0x000000074d9c35f8, 0x000000074da00000| 88%| E|  |TAMS 0x000000074d800000, 0x000000074d800000| Complete 
|  95|0x000000074da00000, 0x000000074dc00000, 0x000000074dc00000|100%| E|CS|TAMS 0x000000074da00000, 0x000000074da00000| Complete 

Card table byte_map: [0x0000021bfe560000,0x0000021bfeb60000] _byte_map_base: 0x0000021bfab52000

Marking Bits (Prev, Next): (CMBitMap*) 0x0000021bfa505aa0, (CMBitMap*) 0x0000021bfa505ae0
 Prev Bits: [0x0000021b8f000000, 0x0000021b91f90000)
 Next Bits: [0x0000021b91f90000, 0x0000021b94f20000)

Polling page: 0x0000021bf9c70000

Metaspace:

Usage:
  Non-class:      8.68 MB used.
      Class:    892.79 KB used.
       Both:      9.55 MB used.

Virtual space:
  Non-class space:       64.00 MB reserved,       8.75 MB ( 14%) committed,  1 nodes.
      Class space:        1.00 GB reserved,     960.00 KB ( <1%) committed,  1 nodes.
             Both:        1.06 GB reserved,       9.69 MB ( <1%) committed. 

Chunk freelists:
   Non-Class:  6.99 MB
       Class:  15.09 MB
        Both:  22.08 MB

MaxMetaspaceSize: unlimited
CompressedClassSpaceSize: 1.00 GB
Initial GC threshold: 21.00 MB
Current GC threshold: 21.00 MB
CDS: off
MetaspaceReclaimPolicy: balanced
 - commit_granule_bytes: 65536.
 - commit_granule_words: 8192.
 - virtual_space_node_default_size: 8388608.
 - enlarge_chunks_in_place: 1.
 - new_chunks_are_fully_committed: 0.
 - uncommit_free_chunks: 1.
 - use_allocation_guard: 0.
 - handle_deallocations: 1.


Internal statistics:

num_allocs_failed_limit: 0.
num_arena_births: 60.
num_arena_deaths: 0.
num_vsnodes_births: 2.
num_vsnodes_deaths: 0.
num_space_committed: 155.
num_space_uncommitted: 0.
num_chunks_returned_to_freelist: 0.
num_chunks_taken_from_freelist: 98.
num_chunk_merges: 0.
num_chunk_splits: 52.
num_chunks_enlarged: 22.
num_inconsistent_stats: 0.

CodeHeap 'non-profiled nmethods': size=120000Kb used=112Kb max_used=112Kb free=119887Kb
 bounds [0x0000021b87ad0000, 0x0000021b87d40000, 0x0000021b8f000000]
CodeHeap 'profiled nmethods': size=120000Kb used=438Kb max_used=438Kb free=119561Kb
 bounds [0x0000021b80000000, 0x0000021b80270000, 0x0000021b87530000]
CodeHeap 'non-nmethods': size=5760Kb used=1169Kb max_used=1179Kb free=4590Kb
 bounds [0x0000021b87530000, 0x0000021b877a0000, 0x0000021b87ad0000]
 total_blobs=802 nmethods=337 adapters=378
 compilation: enabled
              stopped_count=0, restarted_count=0
 full_count=0

Compilation events (20 events):
Event: 0.350 Thread 0x0000021b9b0b1020  321       3       java.lang.invoke.LambdaForm$NamedFunction::returnType (11 bytes)
Event: 0.350 Thread 0x0000021b9b0b1020 nmethod 321 0x0000021b80068990 code [0x0000021b80068b80, 0x0000021b80069008]
Event: 0.350 Thread 0x0000021b9b0b1020  331       3       java.lang.StringBuilder::<init> (7 bytes)
Event: 0.350 Thread 0x0000021b9b0b1020 nmethod 331 0x0000021b80069210 code [0x0000021b800693a0, 0x0000021b800694e8]
Event: 0.350 Thread 0x0000021b9b0b1020  328       3       sun.invoke.util.Wrapper::forPrimitiveType (49 bytes)
Event: 0.351 Thread 0x0000021b9b0b1020 nmethod 328 0x0000021b80069590 code [0x0000021b800698e0, 0x0000021b8006aca8]
Event: 0.351 Thread 0x0000021b9b0b1020  333       3       java.lang.invoke.InvokerBytecodeGenerator::emitPushArgument (150 bytes)
Event: 0.352 Thread 0x0000021b9b0b1020 nmethod 333 0x0000021b8006b410 code [0x0000021b8006b6e0, 0x0000021b8006c5e8]
Event: 0.352 Thread 0x0000021b9b0b1020  330       3       java.lang.invoke.LambdaForm::parameter (38 bytes)
Event: 0.352 Thread 0x0000021b9b0b1020 nmethod 330 0x0000021b8006ca10 code [0x0000021b8006cba0, 0x0000021b8006ccf8]
Event: 0.352 Thread 0x0000021b9b0b1020  332       3       jdk.internal.org.objectweb.asm.Frame::pop (44 bytes)
Event: 0.352 Thread 0x0000021b9b0b1020 nmethod 332 0x0000021b8006ce10 code [0x0000021b8006cfa0, 0x0000021b8006d138]
Event: 0.352 Thread 0x0000021b9b0b1020  323       1       jdk.internal.org.objectweb.asm.SymbolTable::getMajorVersion (5 bytes)
Event: 0.353 Thread 0x0000021b9b0b1020 nmethod 323 0x0000021b87aeaf90 code [0x0000021b87aeb120, 0x0000021b87aeb1f8]
Event: 0.355 Thread 0x0000021bffbfeaa0  336       4       java.util.HashMap::putVal (300 bytes)
Event: 0.359 Thread 0x0000021b9b0b1020  337       3       java.util.concurrent.ConcurrentHashMap$BaseIterator::hasNext (13 bytes)
Event: 0.359 Thread 0x0000021b9b0b1020 nmethod 337 0x0000021b8006d210 code [0x0000021b8006d3a0, 0x0000021b8006d518]
Event: 0.362 Thread 0x0000021b9b0b1020  338       3       java.lang.reflect.Modifier::isProtected (12 bytes)
Event: 0.362 Thread 0x0000021b9b0b1020 nmethod 338 0x0000021b8006d590 code [0x0000021b8006d720, 0x0000021b8006d878]
Event: 0.366 Thread 0x0000021bffbfeaa0 nmethod 336 0x0000021b87aeb290 code [0x0000021b87aeb460, 0x0000021b87aebe78]

GC Heap History (0 events):
No events

Dll operation events (2 events):
Event: 0.011 Loaded shared library C:\Program Files\JetBrains\IntelliJ IDEA Community Edition 2023.3.3\jbr\bin\java.dll
Event: 0.192 Loaded shared library C:\Program Files\JetBrains\IntelliJ IDEA Community Edition 2023.3.3\jbr\bin\zip.dll

Deoptimization events (0 events):
No events

Classes unloaded (0 events):
No events

Classes redefined (0 events):
No events

Internal exceptions (5 events):
Event: 0.256 Thread 0x0000021b9b30f8d0 Exception <a 'java/lang/NoSuchMethodError'{0x000000074d875b40}: 'java.lang.Object java.lang.invoke.DirectMethodHandle$Holder.invokeStaticInit(java.lang.Object)'> (0x000000074d875b40) 
thrown [s\src\hotspot\share\interpreter\linkResolver.cpp, line 771]
Event: 0.270 Thread 0x0000021b9b30f8d0 Exception <a 'java/lang/NoSuchMethodError'{0x000000074d883478}: 'void java.lang.invoke.DirectMethodHandle$Holder.invokeStatic(java.lang.Object, java.lang.Object)'> (0x000000074d883478) 
thrown [s\src\hotspot\share\interpreter\linkResolver.cpp, line 771]
Event: 0.286 Thread 0x0000021bfa4ae120 Exception <a 'java/lang/ClassNotFoundException'{0x000000074d8336f0}: sun/awt/resources/spi/awtProvider> (0x000000074d8336f0) 
thrown [s\src\hotspot\share\classfile\systemDictionary.cpp, line 256]
Event: 0.319 Thread 0x0000021bfa4ae120 Exception <a 'java/io/FileNotFoundException'{0x000000074d8f9870}> (0x000000074d8f9870) 
thrown [s\src\hotspot\share\prims\jni.cpp, line 517]
Event: 0.329 Thread 0x0000021bfa4ae120 Exception <a 'java/io/FileNotFoundException'{0x000000074d926870}> (0x000000074d926870) 
thrown [s\src\hotspot\share\prims\jni.cpp, line 517]

VM Operations (4 events):
Event: 0.176 Executing VM operation: HandshakeAllThreads
Event: 0.176 Executing VM operation: HandshakeAllThreads done
Event: 0.252 Executing VM operation: HandshakeAllThreads
Event: 0.253 Executing VM operation: HandshakeAllThreads done

Events (20 events):
Event: 0.367 loading class sun/awt/image/SurfaceManager$ImageAccessor
Event: 0.367 loading class sun/awt/image/SurfaceManager$ImageAccessor done
Event: 0.367 loading class java/awt/Image$1 done
Event: 0.367 loading class sun/awt/image/SurfaceManager
Event: 0.367 loading class sun/awt/image/SurfaceManager done
Event: 0.367 loading class sun/awt/image/VolatileSurfaceManager
Event: 0.367 loading class sun/awt/DisplayChangedListener
Event: 0.367 loading class sun/awt/DisplayChangedListener done
Event: 0.367 loading class sun/awt/image/VolatileSurfaceManager done
Event: 0.367 loading class sun/awt/windows/WDesktopPeer
Event: 0.367 loading class java/awt/peer/DesktopPeer
Event: 0.367 loading class java/awt/peer/DesktopPeer done
Event: 0.367 loading class sun/awt/windows/WDesktopPeer done
Event: 0.367 loading class javax/swing/event/EventListenerList
Event: 0.368 loading class javax/swing/event/EventListenerList done
Event: 0.368 loading class java/awt/desktop/UserSessionEvent$Reason
Event: 0.368 loading class java/awt/desktop/UserSessionEvent$Reason done
Event: 0.368 loading class jdk/internal/logger/BootstrapLogger$RedirectedLoggers
Event: 0.368 loading class jdk/internal/logger/BootstrapLogger$RedirectedLoggers done
Event: 0.368 loading class jdk/internal/logger/SurrogateLogger


Dynamic libraries:
0x00007ff637b90000 - 0x00007ff637b9a000 	C:\Program Files\JetBrains\IntelliJ IDEA Community Edition 2023.3.3\jbr\bin\java.exe
0x00007ffc9e4f0000 - 0x00007ffc9e6e8000 	C:\Windows\SYSTEM32\ntdll.dll
0x00007ffc9c8f0000 - 0x00007ffc9c9ad000 	C:\Windows\System32\KERNEL32.DLL
0x00007ffc9bd90000 - 0x00007ffc9c086000 	C:\Windows\System32\KERNELBASE.dll
0x00007ffc9c430000 - 0x00007ffc9c530000 	C:\Windows\System32\ucrtbase.dll
0x00007ffc8fec0000 - 0x00007ffc8fed7000 	C:\Program Files\JetBrains\IntelliJ IDEA Community Edition 2023.3.3\jbr\bin\jli.dll
0x00007ffc90250000 - 0x00007ffc9026b000 	C:\Program Files\JetBrains\IntelliJ IDEA Community Edition 2023.3.3\jbr\bin\VCRUNTIME140.dll
0x00007ffc9cae0000 - 0x00007ffc9cc7f000 	C:\Windows\System32\USER32.dll
0x00007ffc8c760000 - 0x00007ffc8c9fa000 	C:\Windows\WinSxS\amd64_microsoft.windows.common-controls_6595b64144ccf1df_6.0.19041.4355_none_60b8b9eb71f62e16\COMCTL32.dll
0x00007ffc9c400000 - 0x00007ffc9c422000 	C:\Windows\System32\win32u.dll
0x00007ffc9cc80000 - 0x00007ffc9cd1e000 	C:\Windows\System32\msvcrt.dll
0x00007ffc9d000000 - 0x00007ffc9d02b000 	C:\Windows\System32\GDI32.dll
0x00007ffc9bc70000 - 0x00007ffc9bd87000 	C:\Windows\System32\gdi32full.dll
0x00007ffc9c090000 - 0x00007ffc9c12d000 	C:\Windows\System32\msvcp_win.dll
0x00007ffc9c700000 - 0x00007ffc9c72f000 	C:\Windows\System32\IMM32.DLL
0x00007ffc8f4d0000 - 0x00007ffc8f4dc000 	C:\Program Files\JetBrains\IntelliJ IDEA Community Edition 2023.3.3\jbr\bin\vcruntime140_1.dll
0x00007ffc79b00000 - 0x00007ffc79b8d000 	C:\Program Files\JetBrains\IntelliJ IDEA Community Edition 2023.3.3\jbr\bin\msvcp140.dll
0x00007ffc62930000 - 0x00007ffc635b2000 	C:\Program Files\JetBrains\IntelliJ IDEA Community Edition 2023.3.3\jbr\bin\server\jvm.dll
0x00007ffc9d9f0000 - 0x00007ffc9daa0000 	C:\Windows\System32\ADVAPI32.dll
0x00007ffc9c530000 - 0x00007ffc9c5d0000 	C:\Windows\System32\sechost.dll
0x00007ffc9d030000 - 0x00007ffc9d153000 	C:\Windows\System32\RPCRT4.dll
0x00007ffc9c1c0000 - 0x00007ffc9c1e7000 	C:\Windows\System32\bcrypt.dll
0x00007ffc9b0a0000 - 0x00007ffc9b0eb000 	C:\Windows\SYSTEM32\POWRPROF.dll
0x00007ffc97630000 - 0x00007ffc97639000 	C:\Windows\SYSTEM32\WSOCK32.dll
0x00007ffc93000000 - 0x00007ffc93027000 	C:\Windows\SYSTEM32\WINMM.dll
0x00007ffc96770000 - 0x00007ffc9677a000 	C:\Windows\SYSTEM32\VERSION.dll
0x00007ffc9ced0000 - 0x00007ffc9cf3b000 	C:\Windows\System32\WS2_32.dll
0x00007ffc9af60000 - 0x00007ffc9af72000 	C:\Windows\SYSTEM32\UMPDC.dll
0x00007ffc99bd0000 - 0x00007ffc99be2000 	C:\Windows\SYSTEM32\kernel.appcore.dll
0x00007ffc977a0000 - 0x00007ffc977aa000 	C:\Program Files\JetBrains\IntelliJ IDEA Community Edition 2023.3.3\jbr\bin\jimage.dll
0x00007ffc91c50000 - 0x00007ffc91e34000 	C:\Windows\SYSTEM32\DBGHELP.DLL
0x00007ffc811f0000 - 0x00007ffc81224000 	C:\Windows\SYSTEM32\dbgcore.DLL
0x00007ffc9c130000 - 0x00007ffc9c1b2000 	C:\Windows\System32\bcryptPrimitives.dll
0x00007ffc8fee0000 - 0x00007ffc8feee000 	C:\Program Files\JetBrains\IntelliJ IDEA Community Edition 2023.3.3\jbr\bin\instrument.dll
0x00007ffc900a0000 - 0x00007ffc900c5000 	C:\Program Files\JetBrains\IntelliJ IDEA Community Edition 2023.3.3\jbr\bin\java.dll
0x00007ffc976a0000 - 0x00007ffc976b8000 	C:\Program Files\JetBrains\IntelliJ IDEA Community Edition 2023.3.3\jbr\bin\zip.dll
0x00007ffc9d240000 - 0x00007ffc9d9ac000 	C:\Windows\System32\SHELL32.dll
0x00007ffc99bf0000 - 0x00007ffc9a38d000 	C:\Windows\SYSTEM32\windows.storage.dll
0x00007ffc9dbb0000 - 0x00007ffc9df03000 	C:\Windows\System32\combase.dll
0x00007ffc9b5d0000 - 0x00007ffc9b5fe000 	C:\Windows\SYSTEM32\Wldp.dll
0x00007ffc9c5d0000 - 0x00007ffc9c69d000 	C:\Windows\System32\OLEAUT32.dll
0x00007ffc9db00000 - 0x00007ffc9dbad000 	C:\Windows\System32\SHCORE.dll
0x00007ffc9cfa0000 - 0x00007ffc9cff5000 	C:\Windows\System32\shlwapi.dll
0x00007ffc9bae0000 - 0x00007ffc9bb04000 	C:\Windows\SYSTEM32\profapi.dll
0x00007ffc97660000 - 0x00007ffc97679000 	C:\Program Files\JetBrains\IntelliJ IDEA Community Edition 2023.3.3\jbr\bin\net.dll
0x00007ffc95890000 - 0x00007ffc9599a000 	C:\Windows\SYSTEM32\WINHTTP.dll
0x00007ffc9b2e0000 - 0x00007ffc9b34a000 	C:\Windows\system32\mswsock.dll
0x00007ffc95020000 - 0x00007ffc95036000 	C:\Program Files\JetBrains\IntelliJ IDEA Community Edition 2023.3.3\jbr\bin\nio.dll
0x00007ffc7bb40000 - 0x00007ffc7bb5a000 	C:\Program Files\JetBrains\IntelliJ IDEA Community Edition 2023.3.3\bin\breakgen64.dll
0x00007ffc72aa0000 - 0x00007ffc72c3a000 	C:\Program Files\JetBrains\IntelliJ IDEA Community Edition 2023.3.3\jbr\bin\awt.dll
0x00007ffc90050000 - 0x00007ffc90094000 	C:\Program Files\JetBrains\IntelliJ IDEA Community Edition 2023.3.3\jbr\bin\nvdaControllerClient64.dll
0x00007ffc99820000 - 0x00007ffc9984f000 	C:\Windows\SYSTEM32\dwmapi.dll
0x00007ffc990b0000 - 0x00007ffc99140000 	C:\Windows\SYSTEM32\apphelp.dll

dbghelp: loaded successfully - version: 4.0.5 - missing functions: none
symbol engine: initialized successfully - sym options: 0x614 - pdb path: .;C:\Program Files\JetBrains\IntelliJ IDEA Community Edition 2023.3.3\jbr\bin;C:\Windows\SYSTEM32;C:\Windows\WinSxS\amd64_microsoft.windows.common-controls_6595b64144ccf1df_6.0.19041.4355_none_60b8b9eb71f62e16;C:\Program Files\JetBrains\IntelliJ IDEA Community Edition 2023.3.3\jbr\bin\server;C:\Program Files\JetBrains\IntelliJ IDEA Community Edition 2023.3.3\bin

VM Arguments:
jvm_args: -javaagent:C:\Program Files\JetBrains\IntelliJ IDEA Community Edition 2023.3.3\lib\idea_rt.jar=63294:C:\Program Files\JetBrains\IntelliJ IDEA Community Edition 2023.3.3\bin -Dfile.encoding=UTF-8 
java_command: Main
java_class_path (initial): C:\Users\user\IdeaProjects\Taschenrechner\out\production\Taschenrechner
Launcher Type: SUN_STANDARD

[Global flags]
     intx CICompilerCount                          = 4                                         {product} {ergonomic}
     uint ConcGCThreads                            = 2                                         {product} {ergonomic}
     uint G1ConcRefinementThreads                  = 8                                         {product} {ergonomic}
   size_t G1HeapRegionSize                         = 2097152                                   {product} {ergonomic}
    uintx GCDrainStackTargetSize                   = 64                                        {product} {ergonomic}
   size_t InitialHeapSize                          = 201326592                                 {product} {ergonomic}
   size_t MarkStackSize                            = 4194304                                   {product} {ergonomic}
   size_t MaxHeapSize                              = 3191865344                                {product} {ergonomic}
   size_t MaxNewSize                               = 1914699776                                {product} {ergonomic}
   size_t MinHeapDeltaBytes                        = 2097152                                   {product} {ergonomic}
   size_t MinHeapSize                              = 8388608                                   {product} {ergonomic}
    uintx NonNMethodCodeHeapSize                   = 5839372                                {pd product} {ergonomic}
    uintx NonProfiledCodeHeapSize                  = 122909434                              {pd product} {ergonomic}
    uintx ProfiledCodeHeapSize                     = 122909434                              {pd product} {ergonomic}
    uintx ReservedCodeCacheSize                    = 251658240                              {pd product} {ergonomic}
     bool SegmentedCodeCache                       = true                                      {product} {ergonomic}
   size_t SoftMaxHeapSize                          = 3191865344                             {manageable} {ergonomic}
     bool UseCompressedClassPointers               = true                           {product lp64_product} {ergonomic}
     bool UseCompressedOops                        = true                           {product lp64_product} {ergonomic}
     bool UseG1GC                                  = true                                      {product} {ergonomic}
     bool UseLargePagesIndividualAllocation        = false                                  {pd product} {ergonomic}

Logging:
Log output configuration:
 #0: stdout all=warning uptime,level,tags
 #1: stderr all=off uptime,level,tags

Environment Variables:
JAVA_HOME=C:\Program Files\Eclipse Adoptium\jdk-11.0.22.7-hotspot\
PATH=C:\Program Files\Eclipse Adoptium\jdk-11.0.22.7-hotspot\bin;C:\Program Files\Eclipse Adoptium\jdk-21.0.2.13-hotspot\bin;C:\Program Files (x86)\Common Files\Oracle\Java\javapath;C:\Windows\system32;C:\Windows;C:\Windows\System32\Wbem;C:\Windows\System32\WindowsPowerShell\v1.0\;C:\Windows\System32\OpenSSH\;C:\Program Files (x86)\NVIDIA Corporation\PhysX\Common;C:\Program Files\dotnet\;C:\Program Files\nodejs\;C:\Program Files\Git\cmd;C:\Program Files (x86)\Windows Kits\10\Windows Performance Toolkit\;C:\Users\user\AppData\Local\Programs\Python\Python311\Scripts\;C:\Users\user\AppData\Local\Programs\Python\Python311\;C:\Users\user\AppData\Local\Microsoft\WindowsApps;C:\Users\user\AppData\Roaming\npm;C:\Users\user\AppData\Local\GitHubDesktop\bin
USERNAME=user
OS=Windows_NT
PROCESSOR_IDENTIFIER=Intel64 Family 6 Model 94 Stepping 3, GenuineIntel
TMP=C:\Users\user\AppData\Local\Temp
TEMP=C:\Users\user\AppData\Local\Temp



Periodic native trim disabled

JNI global refs:
JNI global refs: 24, weak refs: 0

JNI global refs memory usage: 843, weak refs: 209

OOME stack traces (most recent first):
Classloader memory used:
Loader bootstrap                                                                       : 1220K
Loader jdk.internal.loader.ClassLoaders$AppClassLoader                                 : 2955B


---------------  S Y S T E M  ---------------

OS:
 Windows 10 , 64 bit Build 19041 (10.0.19041.3636)
OS uptime: 1 days 23:19 hours
Hyper-V role detected

CPU: total 8 (initial active 8) (4 cores per cpu, 2 threads per core) family 6 model 94 stepping 3 microcode 0xcc, cx8, cmov, fxsr, ht, mmx, 3dnowpref, sse, sse2, sse3, ssse3, sse4.1, sse4.2, popcnt, lzcnt, tsc, tscinvbit, avx, avx2, aes, erms, clmul, bmi1, bmi2, rtm, adx, fma, vzeroupper, clflush, clflushopt, hv
Processor Information for all 8 processors :
  Max Mhz: 2601, Current Mhz: 2601, Mhz Limit: 2601

Memory: 4k page, system-wide physical 12169M (1997M free)
TotalPageFile size 15173M (AvailPageFile size 290M)
current process WorkingSet (physical memory assigned to process): 44M, peak: 44M
current process commit charge ("private bytes"): 278M, peak: 280M

vm_info: OpenJDK 64-Bit Server VM (17.0.9+7-b1087.11) for windows-amd64 JRE (17.0.9+7-b1087.11), built on 2024-01-05 by "builduser" with MS VC++ 16.10 / 16.11 (VS2019)

END.
